=== 1. GIT LOG FOR docs/reference/command.md (ALL BRANCHES) ===
a4e1303 Include flags in specific command help output
27130f1 Refactor README: streamline docs, focus on quickstart and core workflows
7a8f71d Attempt 2
=== 2. GIT LOG FOR docs/reference/command.md (MAIN BRANCH) ===
a4e1303 Include flags in specific command help output
27130f1 Refactor README: streamline docs, focus on quickstart and core workflows
=== 3. CHECKING SPECIFIC COMMITS ===
Commit 97600b6: EXISTS in docs/reference/command.md
Commit 3aa432f: EXISTS in docs/reference/command.md
Commit e9a7729: EXISTS in docs/reference/command.md
Commit 0778693: EXISTS in docs/reference/command.md
Commit ddd2502: EXISTS in docs/reference/command.md
=== 4. CURRENT WORKING TREE GOAL SECTION ===
### `osm goal`

Lists goals or runs a goal. Goals are curated prompt templates/workflows.

- Usage: `osm goal [options] [goal-name]`
- Flags:
  - `-l`: list available goals
  - `-c <category>`: list by category
  - `-r <goal-name>`: run directly
  - `-i`: run interactively
  - `-session <id>`: override session id
=== 5. HEAD GOAL SECTION ===
### `osm goal`

Lists goals or runs a goal. Goals are curated prompt templates/workflows.

- Usage: `osm goal [options] [goal-name]`
- Flags:
  - `-l`: list available goals
  - `-c <category>`: list by category
  - `-r <goal-name>`: run directly
  - `-i`: run interactively
  - `-session <id>`: override session id
=== 6. CHECKING -r FLAG IN CURRENT FILE ===
  - `-l`: list available goals
  - `-c <category>`: list by category
  - `-r <goal-name>`: run directly
  - `-i`: run interactively
  - `-session <id>`: override session id
--
  - `-store <fs|memory>`: select storage backend

### `osm code-review`

Interactive “single prompt” code review builder.

- Usage: `osm code-review [options]`
- Flags:
  - `-i` / `-interactive`: start interactive mode (default true; can disable via `-i=false`)
--

Top-level:
- Usage: `osm session [-dry-run] [-y] [list|clean|purge|delete|info|path|id]`
- Flags:
  - `-dry-run`: do not delete; show what would be deleted
  - `-y`: assume yes for confirmation

--
- `osm session list [-format text|json] [-sort default|active]`
  - lists sessions with metadata
- `osm session clean [-dry-run] [-y]`
  - policy-based cleanup (asks for confirmation unless `-y` or `-dry-run`)
- `osm session purge [-dry-run] [-y]`
  - aggressive cleanup (ignores retention policies)
- `osm session delete [-dry-run] [-y] <session-id>...`
  - deletes explicit sessions
- `osm session info <session-id>`
=== 7. CHECKING -r FLAG IN HEAD ===
  - `-l`: list available goals
  - `-c <category>`: list by category
  - `-r <goal-name>`: run directly
  - `-i`: run interactively
  - `-session <id>`: override session id
--
  - `-store <fs|memory>`: select storage backend

### `osm code-review`

Interactive “single prompt” code review builder.

- Usage: `osm code-review [options]`
- Flags:
  - `-i` / `-interactive`: start interactive mode (default true; can disable via `-i=false`)
--

Top-level:
- Usage: `osm session [-dry-run] [-y] [list|clean|purge|delete|info|path|id]`
- Flags:
  - `-dry-run`: do not delete; show what would be deleted
  - `-y`: assume yes for confirmation

--
- `osm session list [-format text|json] [-sort default|active]`
  - lists sessions with metadata
- `osm session clean [-dry-run] [-y]`
  - policy-based cleanup (asks for confirmation unless `-y` or `-dry-run`)
- `osm session purge [-dry-run] [-y]`
  - aggressive cleanup (ignores retention policies)
- `osm session delete [-dry-run] [-y] <session-id>...`
  - deletes explicit sessions
- `osm session info <session-id>`
=== VERIFICATION COMPLETE ===
=== CHECKING RECENT COMMITS FOR COMMAND.MD MODIFICATIONS ===
=== CHECKING RECENT COMMITS FOR COMMAND.MD MODIFICATIONS ===
